Arguments: 
  C:\Program Files\nodejs\node.exe C:\Users\jinxin\AppData\Roaming\npm\node_modules\yarn\bin\yarn.js add @type/qs

PATH: 
  C:\Windows\system32;C:\Windows;C:\Windows\System32\Wbem;C:\Windows\System32\WindowsPowerShell\v1.0\;C:\Windows\System32\OpenSSH\;C:\Program Files\nodejs\;C:\Program Files\PuTTY\;C:\Program Files\Git\cmd;C:\Users\jinxin\scoop\shims;C:\Users\jinxin\AppData\Local\Microsoft\WindowsApps;C:\Users\jinxin\AppData\Roaming\npm;D:\IntelliJ IDEA 2021.1\bin;;D:\Microsoft VS Code\bin;D:\apache-maven-3.6.3-bin\apache-maven-3.6.3\bin\;C:\Program Files\Java\jdk-14.0.2\bin;

Yarn version: 
  1.22.10

Node version: 
  14.8.0

Platform: 
  win32 x64

Trace: 
  Error: http://registry.npm.taobao.org/@type%2fqs: Not found
      at Request.params.callback [as _callback] (C:\Users\jinxin\AppData\Roaming\npm\node_modules\yarn\lib\cli.js:66988:18)
      at Request.self.callback (C:\Users\jinxin\AppData\Roaming\npm\node_modules\yarn\lib\cli.js:140662:22)
      at Request.emit (events.js:314:20)
      at Request.<anonymous> (C:\Users\jinxin\AppData\Roaming\npm\node_modules\yarn\lib\cli.js:141634:10)
      at Request.emit (events.js:314:20)
      at IncomingMessage.<anonymous> (C:\Users\jinxin\AppData\Roaming\npm\node_modules\yarn\lib\cli.js:141556:12)
      at Object.onceWrapper (events.js:420:28)
      at IncomingMessage.emit (events.js:326:22)
      at endReadableNT (_stream_readable.js:1244:12)
      at processTicksAndRejections (internal/process/task_queues.js:80:21)

npm manifest: 
  {
    "version": "0.0.0",
    "scripts": {
      "dev": "vite --host --",
      "build": "vue-tsc --noEmit && vite build",
      "serve": "vite preview"
    },
    "dependencies": {
      "less": "^4.1.2",
      "less-loader": "^10.2.0",
      "qs": "^6.10.1",
      "vant": "^3.2.6",
      "vue": "^3.0.5",
      "vue-router": "^4.0.12"
    },
    "devDependencies": {
      "@vitejs/plugin-vue": "^1.2.5",
      "@vue/compiler-sfc": "^3.0.5",
      "typescript": "^4.3.2",
      "vite": "^2.4.2",
      "vue-tsc": "^0.0.24"
    }
  }

yarn manifest: 
  No manifest

Lockfile: 
  # THIS IS AN AUTOGENERATED FILE. DO NOT EDIT THIS FILE DIRECTLY.
  # yarn lockfile v1
  
  
  "@babel/parser@^7.15.0":
    version "7.16.2"
    resolved "https://registry.npmmirror.com/@babel/parser/download/@babel/parser-7.16.2.tgz#3723cd5c8d8773eef96ce57ea1d9b7faaccd12ac"
    integrity sha1-NyPNXI2Hc+75bOV+odm3+qzNEqw=
  
  "@popperjs/core@^2.9.2":
    version "2.10.2"
    resolved "https://registry.npmmirror.com/@popperjs/core/download/@popperjs/core-2.10.2.tgz#0798c03351f0dea1a5a4cabddf26a55a7cbee590"
    integrity sha1-B5jAM1Hw3qGlpMq93yalWny+5ZA=
  
  "@vant/icons@^1.7.1":
    version "1.7.1"
    resolved "https://registry.nlark.com/@vant/icons/download/@vant/icons-1.7.1.tgz?cache=0&sync_timestamp=1631954502908&other_urls=https%3A%2F%2Fregistry.nlark.com%2F%40vant%2Ficons%2Fdownload%2F%40vant%2Ficons-1.7.1.tgz#49ae420302b5581e54e6894891e5a05bc76e9f87"
    integrity sha1-Sa5CAwK1WB5U5olIkeWgW8dun4c=
  
  "@vant/lazyload@^1.4.0":
    version "1.4.0"
    resolved "https://registry.npmmirror.com/@vant/lazyload/download/@vant/lazyload-1.4.0.tgz#e0529326917d8cb2264ee2e4eb08f1a03aab2c1d"
    integrity sha1-4FKTJpF9jLImTuLk6wjxoDqrLB0=
    dependencies:
      "@vant/use" "^1.3.2"
  
  "@vant/popperjs@^1.1.0":
    version "1.1.0"
    resolved "https://registry.npm.taobao.org/@vant/popperjs/download/@vant/popperjs-1.1.0.tgz?cache=0&sync_timestamp=1617713172143&other_urls=https%3A%2F%2Fregistry.npm.taobao.org%2F%40vant%2Fpopperjs%2Fdownload%2F%40vant%2Fpopperjs-1.1.0.tgz#b4edee5bbfa6fb18705986e313d4fd5f17942a0f"
    integrity sha1-tO3uW7+m+xhwWYbjE9T9XxeUKg8=
    dependencies:
      "@popperjs/core" "^2.9.2"
  
  "@vant/use@^1.3.2":
    version "1.3.2"
    resolved "https://registry.npmmirror.com/@vant/use/download/@vant/use-1.3.2.tgz#d4f232f0440df3c058c65037ae6f20ebd0c06ad3"
    integrity sha1-1PIy8EQN88BYxlA3rm8g69DAatM=
  
  "@vitejs/plugin-vue@^1.2.5":
    version "1.9.4"
    resolved "https://registry.npmmirror.com/@vitejs/plugin-vue/download/@vitejs/plugin-vue-1.9.4.tgz?cache=0&sync_timestamp=1635475560304&other_urls=https%3A%2F%2Fregistry.npmmirror.com%2F%40vitejs%2Fplugin-vue%2Fdownload%2F%40vitejs%2Fplugin-vue-1.9.4.tgz#4f48485432cbb986a9fb9d254dc33ce30ddccbfa"
    integrity sha1-T0hIVDLLuYap+50lTcM84w3cy/o=
  
  "@vue/compiler-core@3.2.21":
    version "3.2.21"
    resolved "https://registry.npmmirror.com/@vue/compiler-core/download/@vue/compiler-core-3.2.21.tgz#26566c32b2ad838199d471ef5df620a83846f24e"
    integrity sha1-JlZsMrKtg4GZ1HHvXfYgqDhG8k4=
    dependencies:
      "@babel/parser" "^7.15.0"
      "@vue/shared" "3.2.21"
      estree-walker "^2.0.2"
      source-map "^0.6.1"
  
  "@vue/compiler-dom@3.2.21":
    version "3.2.21"
    resolved "https://registry.npmmirror.com/@vue/compiler-dom/download/@vue/compiler-dom-3.2.21.tgz#d6f6c85364ef8888f9c4e9122bfba11e78fb398c"
    integrity sha1-1vbIU2TviIj5xOkSK/uhHnj7OYw=
    dependencies:
      "@vue/compiler-core" "3.2.21"
      "@vue/shared" "3.2.21"
  
  "@vue/compiler-sfc@3.2.21", "@vue/compiler-sfc@^3.0.5":
    version "3.2.21"
    resolved "https://registry.npmmirror.com/@vue/compiler-sfc/download/@vue/compiler-sfc-3.2.21.tgz#42639ee49e725afb7d8f1d1940e75dc17a56002c"
    integrity sha1-QmOe5J5yWvt9jx0ZQOddwXpWACw=
    dependencies:
      "@babel/parser" "^7.15.0"
      "@vue/compiler-core" "3.2.21"
      "@vue/compiler-dom" "3.2.21"
      "@vue/compiler-ssr" "3.2.21"
      "@vue/ref-transform" "3.2.21"
      "@vue/shared" "3.2.21"
      estree-walker "^2.0.2"
      magic-string "^0.25.7"
      postcss "^8.1.10"
      source-map "^0.6.1"
  
  "@vue/compiler-ssr@3.2.21":
    version "3.2.21"
    resolved "https://registry.npmmirror.com/@vue/compiler-ssr/download/@vue/compiler-ssr-3.2.21.tgz#37d124f89e8adef9fd56b85775de4b5310a0436e"
    integrity sha1-N9Ek+J6K3vn9VrhXdd5LUxCgQ24=
    dependencies:
      "@vue/compiler-dom" "3.2.21"
      "@vue/shared" "3.2.21"
  
  "@vue/devtools-api@^6.0.0-beta.18":
    version "6.0.0-beta.20"
    resolved "https://registry.npmmirror.com/@vue/devtools-api/download/@vue/devtools-api-6.0.0-beta.20.tgz?cache=0&sync_timestamp=1635945064207&other_urls=https%3A%2F%2Fregistry.npmmirror.com%2F%40vue%2Fdevtools-api%2Fdownload%2F%40vue%2Fdevtools-api-6.0.0-beta.20.tgz#b5405c9a84fb44687d05e7c4c7854b1639141106"
    integrity sha1-tUBcmoT7RGh9BefEx4VLFjkUEQY=
  
  "@vue/reactivity@3.2.21":
    version "3.2.21"
    resolved "https://registry.npmmirror.com/@vue/reactivity/download/@vue/reactivity-3.2.21.tgz#073ad144192ed78a07e151e95a3baa515e4099a2"
    integrity sha1-BzrRRBku14oH4VHpWjuqUV5AmaI=
    dependencies:
      "@vue/shared" "3.2.21"
  
  "@vue/ref-transform@3.2.21":
    version "3.2.21"
    resolved "https://registry.npmmirror.com/@vue/ref-transform/download/@vue/ref-transform-3.2.21.tgz?cache=0&sync_timestamp=1635836341560&other_urls=https%3A%2F%2Fregistry.npmmirror.com%2F%40vue%2Fref-transform%2Fdownload%2F%40vue%2Fref-transform-3.2.21.tgz#b0c554c9f640c3f005f77e676066aa0faba90984"
    integrity sha1-sMVUyfZAw/AF935nYGaqD6upCYQ=
    dependencies:
      "@babel/parser" "^7.15.0"
      "@vue/compiler-core" "3.2.21"
      "@vue/shared" "3.2.21"
      estree-walker "^2.0.2"
      magic-string "^0.25.7"
  
  "@vue/runtime-core@3.2.21":
    version "3.2.21"
    resolved "https://registry.npmmirror.com/@vue/runtime-core/download/@vue/runtime-core-3.2.21.tgz#e12dac8c3893b7aebfc37e32066718d8aa686ac5"
    integrity sha1-4S2sjDiTt66/w34yBmcY2KpoasU=
    dependencies:
      "@vue/reactivity" "3.2.21"
      "@vue/shared" "3.2.21"
  
  "@vue/runtime-dom@3.2.21":
    version "3.2.21"
    resolved "https://registry.npmmirror.com/@vue/runtime-dom/download/@vue/runtime-dom-3.2.21.tgz#33dd15bc85281e773177a30dc6931c294bd77aa1"
    integrity sha1-M90VvIUoHncxd6MNxpMcKUvXeqE=
    dependencies:
      "@vue/runtime-core" "3.2.21"
      "@vue/shared" "3.2.21"
      csstype "^2.6.8"
  
  "@vue/server-renderer@3.2.21":
    version "3.2.21"
    resolved "https://registry.npmmirror.com/@vue/server-renderer/download/@vue/server-renderer-3.2.21.tgz#887d0a44de76f72313cff2686a24c0315231d634"
    integrity sha1-iH0KRN529yMTz/JoaiTAMVIx1jQ=
    dependencies:
      "@vue/compiler-ssr" "3.2.21"
      "@vue/shared" "3.2.21"
  
  "@vue/shared@3.2.21":
    version "3.2.21"
    resolved "https://registry.npmmirror.com/@vue/shared/download/@vue/shared-3.2.21.tgz#4cd80c0e62cf65a7adab2449e86b6f0cb33a130b"
    integrity sha1-TNgMDmLPZaetqyRJ6GtvDLM6Ews=
  
  balanced-match@^1.0.0:
    version "1.0.2"
    resolved "https://registry.nlark.com/balanced-match/download/balanced-match-1.0.2.tgz#e83e3a7e3f300b34cb9d87f615fa0cbf357690ee"
    integrity sha1-6D46fj8wCzTLnYf2FfoMvzV2kO4=
  
  big-integer@^1.6.17:
    version "1.6.50"
    resolved "https://registry.npmmirror.com/big-integer/download/big-integer-1.6.50.tgz?cache=0&sync_timestamp=1634050154371&other_urls=https%3A%2F%2Fregistry.npmmirror.com%2Fbig-integer%2Fdownload%2Fbig-integer-1.6.50.tgz#299a4be8bd441c73dcc492ed46b7169c34e92e70"
    integrity sha1-KZpL6L1EHHPcxJLtRrcWnDTpLnA=
  
  binary@~0.3.0:
    version "0.3.0"
    resolved "https://registry.npm.taobao.org/binary/download/binary-0.3.0.tgz#9f60553bc5ce8c3386f3b553cff47462adecaa79"
    integrity sha1-n2BVO8XOjDOG87VTz/R0Yq3sqnk=
    dependencies:
      buffers "~0.1.1"
      chainsaw "~0.1.0"
  
  bluebird@~3.4.1:
    version "3.4.7"
    resolved "https://registry.nlark.com/bluebird/download/bluebird-3.4.7.tgz#f72d760be09b7f76d08ed8fae98b289a8d05fab3"
    integrity sha1-9y12C+Cbf3bQjtj66Ysomo0F+rM=
  
  brace-expansion@^1.1.7:
    version "1.1.11"
    resolved "https://registry.npm.taobao.org/brace-expansion/download/brace-expansion-1.1.11.tgz?cache=0&sync_timestamp=1614010713935&other_urls=https%3A%2F%2Fregistry.npm.taobao.org%2Fbrace-expansion%2Fdownload%2Fbrace-expansion-1.1.11.tgz#3c7fcbf529d87226f3d2f52b966ff5271eb441dd"
    integrity sha1-PH/L9SnYcibz0vUrlm/1Jx60Qd0=
    dependencies:
      balanced-match "^1.0.0"
      concat-map "0.0.1"
  
  buffer-indexof-polyfill@~1.0.0:
    version "1.0.2"
    resolved "https://registry.npm.taobao.org/buffer-indexof-polyfill/download/buffer-indexof-polyfill-1.0.2.tgz#d2732135c5999c64b277fcf9b1abe3498254729c"
    integrity sha1-0nMhNcWZnGSyd/z5savjSYJUcpw=
  
  buffers@~0.1.1:
    version "0.1.1"
    resolved "https://registry.npm.taobao.org/buffers/download/buffers-0.1.1.tgz#b24579c3bed4d6d396aeee6d9a8ae7f5482ab7bb"
    integrity sha1-skV5w77U1tOWru5tmorn9Ugqt7s=
  
  call-bind@^1.0.0:
    version "1.0.2"
    resolved "https://registry.nlark.com/call-bind/download/call-bind-1.0.2.tgz#b1d4e89e688119c3c9a903ad30abb2f6a919be3c"
    integrity sha1-sdTonmiBGcPJqQOtMKuy9qkZvjw=
    dependencies:
      function-bind "^1.1.1"
      get-intrinsic "^1.0.2"
  
  chainsaw@~0.1.0:
    version "0.1.0"
    resolved "https://registry.npm.taobao.org/chainsaw/download/chainsaw-0.1.0.tgz#5eab50b28afe58074d0d58291388828b5e5fbc98"
    integrity sha1-XqtQsor+WAdNDVgpE4iCi15fvJg=
    dependencies:
      traverse ">=0.3.0 <0.4"
  
  concat-map@0.0.1:
    version "0.0.1"
    resolved "https://registry.npm.taobao.org/concat-map/download/concat-map-0.0.1.tgz#d8a96bd77fd68df7793a73036a3ba0d5405d477b"
    integrity sha1-2Klr13/Wjfd5OnMDajug1UBdR3s=
  
  copy-anything@^2.0.1:
    version "2.0.3"
    resolved "https://registry.npm.taobao.org/copy-anything/download/copy-anything-2.0.3.tgz?cache=0&other_urls=https%3A%2F%2Fregistry.npm.taobao.org%2Fcopy-anything%2Fdownload%2Fcopy-anything-2.0.3.tgz#842407ba02466b0df844819bbe3baebbe5d45d87"
    integrity sha1-hCQHugJGaw34RIGbvjuuu+XUXYc=
    dependencies:
      is-what "^3.12.0"
  
  core-util-is@~1.0.0:
    version "1.0.3"
    resolved "https://registry.nlark.com/core-util-is/download/core-util-is-1.0.3.tgz#a6042d3634c2b27e9328f837b965fac83808db85"
    integrity sha1-pgQtNjTCsn6TKPg3uWX6yDgI24U=
  
  csstype@^2.6.8:
    version "2.6.18"
    resolved "https://registry.nlark.com/csstype/download/csstype-2.6.18.tgz?cache=0&other_urls=https%3A%2F%2Fregistry.nlark.com%2Fcsstype%2Fdownload%2Fcsstype-2.6.18.tgz#980a8b53085f34af313410af064f2bd241784218"
    integrity sha1-mAqLUwhfNK8xNBCvBk8r0kF4Qhg=
  
  debug@^3.2.6:
    version "3.2.7"
    resolved "https://registry.nlark.com/debug/download/debug-3.2.7.tgz?cache=0&other_urls=https%3A%2F%2Fregistry.nlark.com%2Fdebug%2Fdownload%2Fdebug-3.2.7.tgz#72580b7e9145fb39b6676f9c5e5fb100b934179a"
    integrity sha1-clgLfpFF+zm2Z2+cXl+xALk0F5o=
    dependencies:
      ms "^2.1.1"
  
  duplexer2@~0.1.4:
    version "0.1.4"
    resolved "https://registry.npm.taobao.org/duplexer2/download/duplexer2-0.1.4.tgz#8b12dab878c0d69e3e7891051662a32fc6bddcc1"
    integrity sha1-ixLauHjA1p4+eJEFFmKjL8a93ME=
    dependencies:
      readable-stream "^2.0.2"
  
  errno@^0.1.1:
    version "0.1.8"
    resolved "https://registry.nlark.com/errno/download/errno-0.1.8.tgz#8bb3e9c7d463be4976ff888f76b4809ebc2e811f"
    integrity sha1-i7Ppx9Rjvkl2/4iPdrSAnrwugR8=
    dependencies:
      prr "~1.0.1"
  
  esbuild-android-arm64@0.13.12:
    version "0.13.12"
    resolved "https://registry.npmmirror.com/esbuild-android-arm64/download/esbuild-android-arm64-0.13.12.tgz?cache=0&sync_timestamp=1635657347741&other_urls=https%3A%2F%2Fregistry.npmmirror.com%2Fesbuild-android-arm64%2Fdownload%2Fesbuild-android-arm64-0.13.12.tgz#e1f199dc05405cdc6670c00fb6c793822bf8ae4c"
    integrity sha1-4fGZ3AVAXNxmcMAPtseTgiv4rkw=
  
  esbuild-darwin-64@0.13.12:
    version "0.13.12"
    resolved "https://registry.npmmirror.com/esbuild-darwin-64/download/esbuild-darwin-64-0.13.12.tgz#f5c59e622955c01f050e5a7ac9c1d41db714b94d"
    integrity sha1-9cWeYilVwB8FDlp6ycHUHbcUuU0=
  
  esbuild-darwin-arm64@0.13.12:
    version "0.13.12"
    resolved "https://registry.npmmirror.com/esbuild-darwin-arm64/download/esbuild-darwin-arm64-0.13.12.tgz#8abae74c2956a8aa568fc52c78829338c4a4b988"
    integrity sha1-irrnTClWqKpWj8UseIKTOMSkuYg=
  
  esbuild-freebsd-64@0.13.12:
    version "0.13.12"
    resolved "https://registry.npmmirror.com/esbuild-freebsd-64/download/esbuild-freebsd-64-0.13.12.tgz#6ad2ab8c0364ee7dd2d6e324d876a8e60ae75d12"
    integrity sha1-atKrjANk7n3S1uMk2Hao5grnXRI=
  
  esbuild-freebsd-arm64@0.13.12:
    version "0.13.12"
    resolved "https://registry.npmmirror.com/esbuild-freebsd-arm64/download/esbuild-freebsd-arm64-0.13.12.tgz#6f38155f4c300ac4c8adde1fde3cc6a4440a8294"
    integrity sha1-bzgVX0wwCsTIrd4f3jzGpEQKgpQ=
  
  esbuild-linux-32@0.13.12:
    version "0.13.12"
    resolved "https://registry.npmmirror.com/esbuild-linux-32/download/esbuild-linux-32-0.13.12.tgz#b1d15e330188a8c21de75c3f0058628a3eefade7"
    integrity sha1-sdFeMwGIqMId51w/AFhiij7vrec=
  
  esbuild-linux-64@0.13.12:
    version "0.13.12"
    resolved "https://registry.npmmirror.com/esbuild-linux-64/download/esbuild-linux-64-0.13.12.tgz#25bd64b66162b02348e32d8f12e4c9ee61f1d070"
    integrity sha1-Jb1ktmFisCNI4y2PEuTJ7mHx0HA=
  
  esbuild-linux-arm64@0.13.12:
    version "0.13.12"
    resolved "https://registry.npmmirror.com/esbuild-linux-arm64/download/esbuild-linux-arm64-0.13.12.tgz?cache=0&sync_timestamp=1635657340609&other_urls=https%3A%2F%2Fregistry.npmmirror.com%2Fesbuild-linux-arm64%2Fdownload%2Fesbuild-linux-arm64-0.13.12.tgz#ba582298457cc5c9ac823a275de117620c06537f"
    integrity sha1-ulgimEV8xcmsgjonXeEXYgwGU38=
  
  esbuild-linux-arm@0.13.12:
    version "0.13.12"
    resolved "https://registry.npmmirror.com/esbuild-linux-arm/download/esbuild-linux-arm-0.13.12.tgz?cache=0&sync_timestamp=1635657338670&other_urls=https%3A%2F%2Fregistry.npmmirror.com%2Fesbuild-linux-arm%2Fdownload%2Fesbuild-linux-arm-0.13.12.tgz#6bc81c957bff22725688cc6359c29a25765be09b"
    integrity sha1-a8gclXv/InJWiMxjWcKaJXZb4Js=
  
  esbuild-linux-mips64le@0.13.12:
    version "0.13.12"
    resolved "https://registry.npmmirror.com/esbuild-linux-mips64le/download/esbuild-linux-mips64le-0.13.12.tgz?cache=0&sync_timestamp=1635657342242&other_urls=https%3A%2F%2Fregistry.npmmirror.com%2Fesbuild-linux-mips64le%2Fdownload%2Fesbuild-linux-mips64le-0.13.12.tgz#ef3c4aba3e585d847cbade5945a8b4a5c62c7ce2"
    integrity sha1-7zxKuj5YXYR8ut5ZRai0pcYsfOI=
  
  esbuild-linux-ppc64le@0.13.12:
    version "0.13.12"
    resolved "https://registry.npmmirror.com/esbuild-linux-ppc64le/download/esbuild-linux-ppc64le-0.13.12.tgz?cache=0&sync_timestamp=1635657343986&other_urls=https%3A%2F%2Fregistry.npmmirror.com%2Fesbuild-linux-ppc64le%2Fdownload%2Fesbuild-linux-ppc64le-0.13.12.tgz#a21fb64e80c38bef06122e48283990fc6db578e1"
    integrity sha1-oh+2ToDDi+8GEi5IKDmQ/G21eOE=
  
  esbuild-netbsd-64@0.13.12:
    version "0.13.12"
    resolved "https://registry.npmmirror.com/esbuild-netbsd-64/download/esbuild-netbsd-64-0.13.12.tgz?cache=0&sync_timestamp=1635657345518&other_urls=https%3A%2F%2Fregistry.npmmirror.com%2Fesbuild-netbsd-64%2Fdownload%2Fesbuild-netbsd-64-0.13.12.tgz#1ea7fc8cfce88a20a4047b867ef184049a6641ae"
    integrity sha1-Hqf8jPzoiiCkBHuGfvGEBJpmQa4=
  
  esbuild-openbsd-64@0.13.12:
    version "0.13.12"
    resolved "https://registry.npmmirror.com/esbuild-openbsd-64/download/esbuild-openbsd-64-0.13.12.tgz?cache=0&sync_timestamp=1635657347599&other_urls=https%3A%2F%2Fregistry.npmmirror.com%2Fesbuild-openbsd-64%2Fdownload%2Fesbuild-openbsd-64-0.13.12.tgz#adde32f2f1b05dc4bd4fc544d6ea5a4379f9ca4d"
    integrity sha1-rd4y8vGwXcS9T8VE1upaQ3n5yk0=
  
  esbuild-sunos-64@0.13.12:
    version "0.13.12"
    resolved "https://registry.npmmirror.com/esbuild-sunos-64/download/esbuild-sunos-64-0.13.12.tgz?cache=0&sync_timestamp=1635657350094&other_urls=https%3A%2F%2Fregistry.npmmirror.com%2Fesbuild-sunos-64%2Fdownload%2Fesbuild-sunos-64-0.13.12.tgz#a7ecaf52b7364fbee76dc8aa707fa3e1cff3342c"
    integrity sha1-p+yvUrc2T77nbciqcH+j4c/zNCw=
  
  esbuild-windows-32@0.13.12:
    version "0.13.12"
    resolved "https://registry.npmmirror.com/esbuild-windows-32/download/esbuild-windows-32-0.13.12.tgz#a8756033dc905c4b7bea19be69f7ee68809f8770"
    integrity sha1-qHVgM9yQXEt76hm+affuaICfh3A=
  
  esbuild-windows-64@0.13.12:
    version "0.13.12"
    resolved "https://registry.npmmirror.com/esbuild-windows-64/download/esbuild-windows-64-0.13.12.tgz#ae694aa66ca078acb8509b2da31197ed1f40f798"
    integrity sha1-rmlKpmygeKy4UJstoxGX7R9A95g=
  
  esbuild-windows-arm64@0.13.12:
    version "0.13.12"
    resolved "https://registry.npmmirror.com/esbuild-windows-arm64/download/esbuild-windows-arm64-0.13.12.tgz#782c5a8bd6d717ea55aaafe648f9926ca36a4a88"
    integrity sha1-eCxai9bXF+pVqq/mSPmSbKNqSog=
  
  esbuild@^0.13.2:
    version "0.13.12"
    resolved "https://registry.npmmirror.com/esbuild/download/esbuild-0.13.12.tgz?cache=0&sync_timestamp=1635657345922&other_urls=https%3A%2F%2Fregistry.npmmirror.com%2Fesbuild%2Fdownload%2Fesbuild-0.13.12.tgz#9cac641594bf03cf34145258c093d743ebbde7ca"
    integrity sha1-nKxkFZS/A880FFJYwJPXQ+u958o=
    optionalDependencies:
      esbuild-android-arm64 "0.13.12"
      esbuild-darwin-64 "0.13.12"
      esbuild-darwin-arm64 "0.13.12"
      esbuild-freebsd-64 "0.13.12"
      esbuild-freebsd-arm64 "0.13.12"
      esbuild-linux-32 "0.13.12"
      esbuild-linux-64 "0.13.12"
      esbuild-linux-arm "0.13.12"
      esbuild-linux-arm64 "0.13.12"
      esbuild-linux-mips64le "0.13.12"
      esbuild-linux-ppc64le "0.13.12"
      esbuild-netbsd-64 "0.13.12"
      esbuild-openbsd-64 "0.13.12"
      esbuild-sunos-64 "0.13.12"
      esbuild-windows-32 "0.13.12"
      esbuild-windows-64 "0.13.12"
      esbuild-windows-arm64 "0.13.12"
  
  estree-walker@^2.0.2:
    version "2.0.2"
    resolved "https://registry.nlark.com/estree-walker/download/estree-walker-2.0.2.tgz#52f010178c2a4c117a7757cfe942adb7d2da4cac"
    integrity sha1-UvAQF4wqTBF6d1fP6UKtt9LaTKw=
  
  fs.realpath@^1.0.0:
    version "1.0.0"
    resolved "https://registry.nlark.com/fs.realpath/download/fs.realpath-1.0.0.tgz#1504ad2523158caa40db4a2787cb01411994ea4f"
    integrity sha1-FQStJSMVjKpA20onh8sBQRmU6k8=
  
  fsevents@~2.3.2:
    version "2.3.2"
    resolved "https://registry.npm.taobao.org/fsevents/download/fsevents-2.3.2.tgz?cache=0&sync_timestamp=1612536409579&other_urls=https%3A%2F%2Fregistry.npm.taobao.org%2Ffsevents%2Fdownload%2Ffsevents-2.3.2.tgz#8a526f78b8fdf4623b709e0b975c52c24c02fd1a"
    integrity sha1-ilJveLj99GI7cJ4Ll1xSwkwC/Ro=
  
  fstream@^1.0.12:
    version "1.0.12"
    resolved "https://registry.npm.taobao.org/fstream/download/fstream-1.0.12.tgz#4e8ba8ee2d48be4f7d0de505455548eae5932045"
    integrity sha1-Touo7i1Ivk99DeUFRVVI6uWTIEU=
    dependencies:
      graceful-fs "^4.1.2"
      inherits "~2.0.0"
      mkdirp ">=0.5 0"
      rimraf "2"
  
  function-bind@^1.1.1:
    version "1.1.1"
    resolved "https://registry.npm.taobao.org/function-bind/download/function-bind-1.1.1.tgz#a56899d3ea3c9bab874bb9773b7c5ede92f4895d"
    integrity sha1-pWiZ0+o8m6uHS7l3O3xe3pL0iV0=
  
  get-intrinsic@^1.0.2:
    version "1.1.1"
    resolved "https://registry.nlark.com/get-intrinsic/download/get-intrinsic-1.1.1.tgz#15f59f376f855c446963948f0d24cd3637b4abc6"
    integrity sha1-FfWfN2+FXERpY5SPDSTNNje0q8Y=
    dependencies:
      function-bind "^1.1.1"
      has "^1.0.3"
      has-symbols "^1.0.1"
  
  glob@^7.1.3:
    version "7.2.0"
    resolved "https://registry.npmmirror.com/glob/download/glob-7.2.0.tgz?cache=0&sync_timestamp=1632353796482&other_urls=https%3A%2F%2Fregistry.npmmirror.com%2Fglob%2Fdownload%2Fglob-7.2.0.tgz#d15535af7732e02e948f4c41628bd910293f6023"
    integrity sha1-0VU1r3cy4C6Uj0xBYovZECk/YCM=
    dependencies:
      fs.realpath "^1.0.0"
      inflight "^1.0.4"
      inherits "2"
      minimatch "^3.0.4"
      once "^1.3.0"
      path-is-absolute "^1.0.0"
  
  graceful-fs@^4.1.2, graceful-fs@^4.2.2:
    version "4.2.8"
    resolved "https://registry.nlark.com/graceful-fs/download/graceful-fs-4.2.8.tgz#e412b8d33f5e006593cbd3cee6df9f2cebbe802a"
    integrity sha1-5BK40z9eAGWTy9PO5t+fLOu+gCo=
  
  has-symbols@^1.0.1:
    version "1.0.2"
    resolved "https://registry.nlark.com/has-symbols/download/has-symbols-1.0.2.tgz#165d3070c00309752a1236a479331e3ac56f1423"
    integrity sha1-Fl0wcMADCXUqEjakeTMeOsVvFCM=
  
  has@^1.0.3:
    version "1.0.3"
    resolved "https://registry.nlark.com/has/download/has-1.0.3.tgz#722d7cbfc1f6aa8241f16dd814e011e1f41e8796"
    integrity sha1-ci18v8H2qoJB8W3YFOAR4fQeh5Y=
    dependencies:
      function-bind "^1.1.1"
  
  iconv-lite@^0.4.4:
    version "0.4.24"
    resolved "https://registry.nlark.com/iconv-lite/download/iconv-lite-0.4.24.tgz#2022b4b25fbddc21d2f524974a474aafe733908b"
    integrity sha1-ICK0sl+93CHS9SSXSkdKr+czkIs=
    dependencies:
      safer-buffer ">= 2.1.2 < 3"
  
  image-size@~0.5.0:
    version "0.5.5"
    resolved "https://registry.nlark.com/image-size/download/image-size-0.5.5.tgz#09dfd4ab9d20e29eb1c3e80b8990378df9e3cb9c"
    integrity sha1-Cd/Uq50g4p6xw+gLiZA3jfnjy5w=
  
  inflight@^1.0.4:
    version "1.0.6"
    resolved "https://registry.npm.taobao.org/inflight/download/inflight-1.0.6.tgz#49bd6331d7d02d0c09bc910a1075ba8165b56df9"
    integrity sha1-Sb1jMdfQLQwJvJEKEHW6gWW1bfk=
    dependencies:
      once "^1.3.0"
      wrappy "1"
  
  inherits@2, inherits@~2.0.0, inherits@~2.0.3:
    version "2.0.4"
    resolved "https://registry.npm.taobao.org/inherits/download/inherits-2.0.4.tgz#0fa2c64f932917c3433a0ded55363aae37416b7c"
    integrity sha1-D6LGT5MpF8NDOg3tVTY6rjdBa3w=
  
  is-core-module@^2.2.0:
    version "2.8.0"
    resolved "https://registry.npmmirror.com/is-core-module/download/is-core-module-2.8.0.tgz?cache=0&sync_timestamp=1634236702465&other_urls=https%3A%2F%2Fregistry.npmmirror.com%2Fis-core-module%2Fdownload%2Fis-core-module-2.8.0.tgz#0321336c3d0925e497fd97f5d95cb114a5ccd548"
    integrity sha1-AyEzbD0JJeSX/Zf12VyxFKXM1Ug=
    dependencies:
      has "^1.0.3"
  
  is-what@^3.12.0:
    version "3.14.1"
    resolved "https://registry.npmmirror.com/is-what/download/is-what-3.14.1.tgz#e1222f46ddda85dead0fd1c9df131760e77755c1"
    integrity sha1-4SIvRt3ahd6tD9HJ3xMXYOd3VcE=
  
  isarray@~1.0.0:
    version "1.0.0"
    resolved "https://registry.nlark.com/isarray/download/isarray-1.0.0.tgz#bb935d48582cba168c06834957a54a3e07124f11"
    integrity sha1-u5NdSFgsuhaMBoNJV6VKPgcSTxE=
  
  klona@^2.0.4:
    version "2.0.5"
    resolved "https://registry.npmmirror.com/klona/download/klona-2.0.5.tgz?cache=0&sync_timestamp=1635385383825&other_urls=https%3A%2F%2Fregistry.npmmirror.com%2Fklona%2Fdownload%2Fklona-2.0.5.tgz#d166574d90076395d9963aa7a928fabb8d76afbc"
    integrity sha1-0WZXTZAHY5XZljqnqSj6u412r7w=
  
  less-loader@^10.2.0:
    version "10.2.0"
    resolved "https://registry.npmmirror.com/less-loader/download/less-loader-10.2.0.tgz?cache=0&sync_timestamp=1634563207805&other_urls=https%3A%2F%2Fregistry.npmmirror.com%2Fless-loader%2Fdownload%2Fless-loader-10.2.0.tgz#97286d8797dc3dc05b1d16b0ecec5f968bdd4e32"
    integrity sha1-lyhth5fcPcBbHRaw7OxflovdTjI=
    dependencies:
      klona "^2.0.4"
  
  less@^4.1.2:
    version "4.1.2"
    resolved "https://registry.npmmirror.com/less/download/less-4.1.2.tgz?cache=0&sync_timestamp=1633303222735&other_urls=https%3A%2F%2Fregistry.npmmirror.com%2Fless%2Fdownload%2Fless-4.1.2.tgz#6099ee584999750c2624b65f80145f8674e4b4b0"
    integrity sha1-YJnuWEmZdQwmJLZfgBRfhnTktLA=
    dependencies:
      copy-anything "^2.0.1"
      parse-node-version "^1.0.1"
      tslib "^2.3.0"
    optionalDependencies:
      errno "^0.1.1"
      graceful-fs "^4.1.2"
      image-size "~0.5.0"
      make-dir "^2.1.0"
      mime "^1.4.1"
      needle "^2.5.2"
      source-map "~0.6.0"
  
  listenercount@~1.0.1:
    version "1.0.1"
    resolved "https://registry.npm.taobao.org/listenercount/download/listenercount-1.0.1.tgz#84c8a72ab59c4725321480c975e6508342e70937"
    integrity sha1-hMinKrWcRyUyFIDJdeZQg0LnCTc=
  
  magic-string@^0.25.7:
    version "0.25.7"
    resolved "https://registry.nlark.com/magic-string/download/magic-string-0.25.7.tgz?cache=0&sync_timestamp=1618846922153&other_urls=https%3A%2F%2Fregistry.nlark.com%2Fmagic-string%2Fdownload%2Fmagic-string-0.25.7.tgz#3f497d6fd34c669c6798dcb821f2ef31f5445051"
    integrity sha1-P0l9b9NMZpxnmNy4IfLvMfVEUFE=
    dependencies:
      sourcemap-codec "^1.4.4"
  
  make-dir@^2.1.0:
    version "2.1.0"
    resolved "https://registry.nlark.com/make-dir/download/make-dir-2.1.0.tgz#5f0310e18b8be898cc07009295a30ae41e91e6f5"
    integrity sha1-XwMQ4YuL6JjMBwCSlaMK5B6R5vU=
    dependencies:
      pify "^4.0.1"
      semver "^5.6.0"
  
  mime@^1.4.1:
    version "1.6.0"
    resolved "https://registry.npmmirror.com/mime/download/mime-1.6.0.tgz?cache=0&sync_timestamp=1635900740259&other_urls=https%3A%2F%2Fregistry.npmmirror.com%2Fmime%2Fdownload%2Fmime-1.6.0.tgz#32cd9e5c64553bd58d19a568af452acff04981b1"
    integrity sha1-Ms2eXGRVO9WNGaVor0Uqz/BJgbE=
  
  minimatch@^3.0.4:
    version "3.0.4"
    resolved "https://registry.nlark.com/minimatch/download/minimatch-3.0.4.tgz#5166e286457f03306064be5497e8dbb0c3d32083"
    integrity sha1-UWbihkV/AzBgZL5Ul+jbsMPTIIM=
    dependencies:
      brace-expansion "^1.1.7"
  
  minimist@^1.2.5:
    version "1.2.5"
    resolved "https://registry.nlark.com/minimist/download/minimist-1.2.5.tgz#67d66014b66a6a8aaa0c083c5fd58df4e4e97602"
    integrity sha1-Z9ZgFLZqaoqqDAg8X9WN9OTpdgI=
  
  "mkdirp@>=0.5 0":
    version "0.5.5"
    resolved "https://registry.nlark.com/mkdirp/download/mkdirp-0.5.5.tgz#d91cefd62d1436ca0f41620e251288d420099def"
    integrity sha1-2Rzv1i0UNsoPQWIOJRKI1CAJne8=
    dependencies:
      minimist "^1.2.5"
  
  ms@^2.1.1:
    version "2.1.3"
    resolved "https://registry.npmmirror.com/ms/download/ms-2.1.3.tgz#574c8138ce1d2b5861f0b44579dbadd60c6615b2"
    integrity sha1-V0yBOM4dK1hh8LRFedut1gxmFbI=
  
  nanoid@^3.1.30:
    version "3.1.30"
    resolved "https://registry.npmmirror.com/nanoid/download/nanoid-3.1.30.tgz#63f93cc548d2a113dc5dfbc63bfa09e2b9b64362"
    integrity sha1-Y/k8xUjSoRPcXfvGO/oJ4rm2Q2I=
  
  needle@^2.5.2:
    version "2.9.1"
    resolved "https://registry.nlark.com/needle/download/needle-2.9.1.tgz?cache=0&sync_timestamp=1630674795023&other_urls=https%3A%2F%2Fregistry.nlark.com%2Fneedle%2Fdownload%2Fneedle-2.9.1.tgz#22d1dffbe3490c2b83e301f7709b6736cd8f2684"
    integrity sha1-ItHf++NJDCuD4wH3cJtnNs2PJoQ=
    dependencies:
      debug "^3.2.6"
      iconv-lite "^0.4.4"
      sax "^1.2.4"
  
  object-inspect@^1.9.0:
    version "1.11.0"
    resolved "https://registry.nlark.com/object-inspect/download/object-inspect-1.11.0.tgz#9dceb146cedd4148a0d9e51ab88d34cf509922b1"
    integrity sha1-nc6xRs7dQUig2eUauI00z1CZIrE=
  
  once@^1.3.0:
    version "1.4.0"
    resolved "https://registry.nlark.com/once/download/once-1.4.0.tgz#583b1aa775961d4b113ac17d9c50baef9dd76bd1"
    integrity sha1-WDsap3WWHUsROsF9nFC6753Xa9E=
    dependencies:
      wrappy "1"
  
  parse-node-version@^1.0.1:
    version "1.0.1"
    resolved "https://registry.nlark.com/parse-node-version/download/parse-node-version-1.0.1.tgz#e2b5dbede00e7fa9bc363607f53327e8b073189b"
    integrity sha1-4rXb7eAOf6m8NjYH9TMn6LBzGJs=
  
  path-is-absolute@^1.0.0:
    version "1.0.1"
    resolved "https://registry.nlark.com/path-is-absolute/download/path-is-absolute-1.0.1.tgz#174b9268735534ffbc7ace6bf53a5a9e1b5c5f5f"
    integrity sha1-F0uSaHNVNP+8es5r9TpanhtcX18=
  
  path-parse@^1.0.6:
    version "1.0.7"
    resolved "https://registry.nlark.com/path-parse/download/path-parse-1.0.7.tgz#fbc114b60ca42b30d9daf5858e4bd68bbedb6735"
    integrity sha1-+8EUtgykKzDZ2vWFjkvWi77bZzU=
  
  picocolors@^1.0.0:
    version "1.0.0"
    resolved "https://registry.npmmirror.com/picocolors/download/picocolors-1.0.0.tgz?cache=0&sync_timestamp=1634093339035&other_urls=https%3A%2F%2Fregistry.npmmirror.com%2Fpicocolors%2Fdownload%2Fpicocolors-1.0.0.tgz#cb5bdc74ff3f51892236eaf79d68bc44564ab81c"
    integrity sha1-y1vcdP8/UYkiNur3nWi8RFZKuBw=
  
  pify@^4.0.1:
    version "4.0.1"
    resolved "https://registry.npm.taobao.org/pify/download/pify-4.0.1.tgz#4b2cd25c50d598735c50292224fd8c6df41e3231"
    integrity sha1-SyzSXFDVmHNcUCkiJP2MbfQeMjE=
  
  postcss@^8.1.10, postcss@^8.3.8:
    version "8.3.11"
    resolved "https://registry.npmmirror.com/postcss/download/postcss-8.3.11.tgz?cache=0&sync_timestamp=1634821212090&other_urls=https%3A%2F%2Fregistry.npmmirror.com%2Fpostcss%2Fdownload%2Fpostcss-8.3.11.tgz#c3beca7ea811cd5e1c4a3ec6d2e7599ef1f8f858"
    integrity sha1-w77KfqgRzV4cSj7G0udZnvH4+Fg=
    dependencies:
      nanoid "^3.1.30"
      picocolors "^1.0.0"
      source-map-js "^0.6.2"
  
  process-nextick-args@~2.0.0:
    version "2.0.1"
    resolved "https://registry.nlark.com/process-nextick-args/download/process-nextick-args-2.0.1.tgz#7820d9b16120cc55ca9ae7792680ae7dba6d7fe2"
    integrity sha1-eCDZsWEgzFXKmud5JoCufbptf+I=
  
  prr@~1.0.1:
    version "1.0.1"
    resolved "https://registry.npm.taobao.org/prr/download/prr-1.0.1.tgz#d3fc114ba06995a45ec6893f484ceb1d78f5f476"
    integrity sha1-0/wRS6BplaRexok/SEzrHXj19HY=
  
  qs@^6.10.1:
    version "6.10.1"
    resolved "https://registry.npm.taobao.org/qs/download/qs-6.10.1.tgz?cache=0&sync_timestamp=1616385248556&other_urls=https%3A%2F%2Fregistry.npm.taobao.org%2Fqs%2Fdownload%2Fqs-6.10.1.tgz#4931482fa8d647a5aab799c5271d2133b981fb6a"
    integrity sha1-STFIL6jWR6Wqt5nFJx0hM7mB+2o=
    dependencies:
      side-channel "^1.0.4"
  
  readable-stream@^2.0.2, readable-stream@~2.3.6:
    version "2.3.7"
    resolved "https://registry.nlark.com/readable-stream/download/readable-stream-2.3.7.tgz#1eca1cf711aef814c04f62252a36a62f6cb23b57"
    integrity sha1-Hsoc9xGu+BTAT2IlKjamL2yyO1c=
    dependencies:
      core-util-is "~1.0.0"
      inherits "~2.0.3"
      isarray "~1.0.0"
      process-nextick-args "~2.0.0"
      safe-buffer "~5.1.1"
      string_decoder "~1.1.1"
      util-deprecate "~1.0.1"
  
  resolve@^1.20.0:
    version "1.20.0"
    resolved "https://registry.npm.taobao.org/resolve/download/resolve-1.20.0.tgz?cache=0&sync_timestamp=1613054862388&other_urls=https%3A%2F%2Fregistry.npm.taobao.org%2Fresolve%2Fdownload%2Fresolve-1.20.0.tgz#629a013fb3f70755d6f0b7935cc1c2c5378b1975"
    integrity sha1-YpoBP7P3B1XW8LeTXMHCxTeLGXU=
    dependencies:
      is-core-module "^2.2.0"
      path-parse "^1.0.6"
  
  rimraf@2:
    version "2.7.1"
    resolved "https://registry.npm.taobao.org/rimraf/download/rimraf-2.7.1.tgz#35797f13a7fdadc566142c29d4f07ccad483e3ec"
    integrity sha1-NXl/E6f9rcVmFCwp1PB8ytSD4+w=
    dependencies:
      glob "^7.1.3"
  
  rollup@^2.57.0:
    version "2.59.0"
    resolved "https://registry.npmmirror.com/rollup/download/rollup-2.59.0.tgz#108c61b0fa0a37ebc8d1f164f281622056f0db59"
    integrity sha1-EIxhsPoKN+vI0fFk8oFiIFbw21k=
    optionalDependencies:
      fsevents "~2.3.2"
  
  safe-buffer@~5.1.0, safe-buffer@~5.1.1:
    version "5.1.2"
    resolved "https://registry.nlark.com/safe-buffer/download/safe-buffer-5.1.2.tgz?cache=0&sync_timestamp=1618847044058&other_urls=https%3A%2F%2Fregistry.nlark.com%2Fsafe-buffer%2Fdownload%2Fsafe-buffer-5.1.2.tgz#991ec69d296e0313747d59bdfd2b745c35f8828d"
    integrity sha1-mR7GnSluAxN0fVm9/St0XDX4go0=
  
  "safer-buffer@>= 2.1.2 < 3":
    version "2.1.2"
    resolved "https://registry.npm.taobao.org/safer-buffer/download/safer-buffer-2.1.2.tgz#44fa161b0187b9549dd84bb91802f9bd8385cd6a"
    integrity sha1-RPoWGwGHuVSd2Eu5GAL5vYOFzWo=
  
  sax@^1.2.4:
    version "1.2.4"
    resolved "https://registry.npm.taobao.org/sax/download/sax-1.2.4.tgz#2816234e2378bddc4e5354fab5caa895df7100d9"
    integrity sha1-KBYjTiN4vdxOU1T6tcqold9xANk=
  
  semver@^5.6.0:
    version "5.7.1"
    resolved "https://registry.nlark.com/semver/download/semver-5.7.1.tgz#a954f931aeba508d307bbf069eff0c01c96116f7"
    integrity sha1-qVT5Ma66UI0we78Gnv8MAclhFvc=
  
  setimmediate@~1.0.4:
    version "1.0.5"
    resolved "https://registry.npm.taobao.org/setimmediate/download/setimmediate-1.0.5.tgz#290cbb232e306942d7d7ea9b83732ab7856f8285"
    integrity sha1-KQy7Iy4waULX1+qbg3Mqt4VvgoU=
  
  side-channel@^1.0.4:
    version "1.0.4"
    resolved "https://registry.nlark.com/side-channel/download/side-channel-1.0.4.tgz#efce5c8fdc104ee751b25c58d4290011fa5ea2cf"
    integrity sha1-785cj9wQTudRslxY1CkAEfpeos8=
    dependencies:
      call-bind "^1.0.0"
      get-intrinsic "^1.0.2"
      object-inspect "^1.9.0"
  
  source-map-js@^0.6.2:
    version "0.6.2"
    resolved "https://registry.npm.taobao.org/source-map-js/download/source-map-js-0.6.2.tgz#0bb5de631b41cfbda6cfba8bd05a80efdfd2385e"
    integrity sha1-C7XeYxtBz72mz7qL0FqA79/SOF4=
  
  source-map@^0.6.1, source-map@~0.6.0:
    version "0.6.1"
    resolved "https://registry.nlark.com/source-map/download/source-map-0.6.1.tgz#74722af32e9614e9c287a8d0bbde48b5e2f1a263"
    integrity sha1-dHIq8y6WFOnCh6jQu95IteLxomM=
  
  sourcemap-codec@^1.4.4:
    version "1.4.8"
    resolved "https://registry.nlark.com/sourcemap-codec/download/sourcemap-codec-1.4.8.tgz#ea804bd94857402e6992d05a38ef1ae35a9ab4c4"
    integrity sha1-6oBL2UhXQC5pktBaOO8a41qatMQ=
  
  string_decoder@~1.1.1:
    version "1.1.1"
    resolved "https://registry.nlark.com/string_decoder/download/string_decoder-1.1.1.tgz#9cf1611ba62685d7030ae9e4ba34149c3af03fc8"
    integrity sha1-nPFhG6YmhdcDCunkujQUnDrwP8g=
    dependencies:
      safe-buffer "~5.1.0"
  
  "traverse@>=0.3.0 <0.4":
    version "0.3.9"
    resolved "https://registry.npm.taobao.org/traverse/download/traverse-0.3.9.tgz#717b8f220cc0bb7b44e40514c22b2e8bbc70d8b9"
    integrity sha1-cXuPIgzAu3tE5AUUwisui7xw2Lk=
  
  tslib@^2.3.0:
    version "2.3.1"
    resolved "https://registry.nlark.com/tslib/download/tslib-2.3.1.tgz?cache=0&sync_timestamp=1628722580350&other_urls=https%3A%2F%2Fregistry.nlark.com%2Ftslib%2Fdownload%2Ftslib-2.3.1.tgz#e8a335add5ceae51aa261d32a490158ef042ef01"
    integrity sha1-6KM1rdXOrlGqJh0ypJAVjvBC7wE=
  
  typescript@^4.3.2:
    version "4.4.4"
    resolved "https://registry.npmmirror.com/typescript/download/typescript-4.4.4.tgz#2cd01a1a1f160704d3101fd5a58ff0f9fcb8030c"
    integrity sha1-LNAaGh8WBwTTEB/VpY/w+fy4Aww=
  
  unzipper@0.10.11:
    version "0.10.11"
    resolved "https://registry.npm.taobao.org/unzipper/download/unzipper-0.10.11.tgz#0b4991446472cbdb92ee7403909f26c2419c782e"
    integrity sha1-C0mRRGRyy9uS7nQDkJ8mwkGceC4=
    dependencies:
      big-integer "^1.6.17"
      binary "~0.3.0"
      bluebird "~3.4.1"
      buffer-indexof-polyfill "~1.0.0"
      duplexer2 "~0.1.4"
      fstream "^1.0.12"
      graceful-fs "^4.2.2"
      listenercount "~1.0.1"
      readable-stream "~2.3.6"
      setimmediate "~1.0.4"
  
  util-deprecate@~1.0.1:
    version "1.0.2"
    resolved "https://registry.npm.taobao.org/util-deprecate/download/util-deprecate-1.0.2.tgz?cache=0&other_urls=https%3A%2F%2Fregistry.npm.taobao.org%2Futil-deprecate%2Fdownload%2Futil-deprecate-1.0.2.tgz#450d4dc9fa70de732762fbd2d4a28981419a0ccf"
    integrity sha1-RQ1Nyfpw3nMnYvvS1KKJgUGaDM8=
  
  vant@^3.2.6:
    version "3.2.6"
    resolved "https://registry.npmmirror.com/vant/download/vant-3.2.6.tgz#63ee9c15f0773b347a13a0c7742dad58ecc7e9bc"
    integrity sha1-Y+6cFfB3OzR6E6DHdC2tWOzH6bw=
    dependencies:
      "@vant/icons" "^1.7.1"
      "@vant/lazyload" "^1.4.0"
      "@vant/popperjs" "^1.1.0"
      "@vant/use" "^1.3.2"
  
  vite@^2.4.2:
    version "2.6.13"
    resolved "https://registry.npmmirror.com/vite/download/vite-2.6.13.tgz?cache=0&sync_timestamp=1635502405725&other_urls=https%3A%2F%2Fregistry.npmmirror.com%2Fvite%2Fdownload%2Fvite-2.6.13.tgz#16b3ec85a66d5b461ac29a903874d4357f9af432"
    integrity sha1-FrPshaZtW0YawpqQOHTUNX+a9DI=
    dependencies:
      esbuild "^0.13.2"
      postcss "^8.3.8"
      resolve "^1.20.0"
      rollup "^2.57.0"
    optionalDependencies:
      fsevents "~2.3.2"
  
  vue-router@^4.0.12:
    version "4.0.12"
    resolved "https://registry.npmmirror.com/vue-router/download/vue-router-4.0.12.tgz#8dc792cddf5bb1abcc3908f9064136de7e13c460"
    integrity sha1-jceSzd9bsavMOQj5BkE23n4TxGA=
    dependencies:
      "@vue/devtools-api" "^6.0.0-beta.18"
  
  vue-tsc@^0.0.24:
    version "0.0.24"
    resolved "https://registry.npmmirror.com/vue-tsc/download/vue-tsc-0.0.24.tgz?cache=0&sync_timestamp=1635475764429&other_urls=https%3A%2F%2Fregistry.npmmirror.com%2Fvue-tsc%2Fdownload%2Fvue-tsc-0.0.24.tgz#0cd90db679f53ea1694254b8663fdb3d624a0872"
    integrity sha1-DNkNtnn1PqFpQlS4Zj/bPWJKCHI=
    dependencies:
      unzipper "0.10.11"
  
  vue@^3.0.5:
    version "3.2.21"
    resolved "https://registry.npmmirror.com/vue/download/vue-3.2.21.tgz?cache=0&sync_timestamp=1635836055418&other_urls=https%3A%2F%2Fregistry.npmmirror.com%2Fvue%2Fdownload%2Fvue-3.2.21.tgz#55f5665172d95cf97e806b9aad0a375180be23a1"
    integrity sha1-VfVmUXLZXPl+gGuarQo3UYC+I6E=
    dependencies:
      "@vue/compiler-dom" "3.2.21"
      "@vue/compiler-sfc" "3.2.21"
      "@vue/runtime-dom" "3.2.21"
      "@vue/server-renderer" "3.2.21"
      "@vue/shared" "3.2.21"
  
  wrappy@1:
    version "1.0.2"
    resolved "https://registry.nlark.com/wrappy/download/wrappy-1.0.2.tgz#b5243d8f3ec1aa35f1364605bc0d1036e30ab69f"
    integrity sha1-tSQ9jz7BqjXxNkYFvA0QNuMKtp8=
